<?xml version="1.0" encoding="UTF-8"?>
<testng-results ignored="0" total="1" passed="1" failed="0" skipped="0">
  <reporter-output>
  </reporter-output>
  <suite started-at="2025-12-28T15:56:50 IST" name="BlazeDemo Suite" finished-at="2025-12-28T15:57:01 IST" duration-ms="10836">
    <groups>
    </groups>
    <test started-at="2025-12-28T15:56:50 IST" name="BlazeDemo Tests" finished-at="2025-12-28T15:57:01 IST" duration-ms="10836">
      <class name="tests.FlightBookingTest">
        <test-method is-config="true" signature="setUp()[pri:0, instance:tests.FlightBookingTest@2c767a52]" started-at="2025-12-28T15:56:50 IST" name="setUp" finished-at="2025-12-28T15:56:53 IST" duration-ms="2878" status="PASS">
          <reporter-output>
          </reporter-output>
        </test-method> <!-- setUp -->
        <test-method signature="bookFlightSuccessfully()[pri:0, instance:tests.FlightBookingTest@2c767a52]" started-at="2025-12-28T15:56:53 IST" name="bookFlightSuccessfully" finished-at="2025-12-28T15:56:56 IST" duration-ms="2715" status="PASS">
          <reporter-output>
          </reporter-output>
        </test-method> <!-- bookFlightSuccessfully -->
        <test-method is-config="true" signature="tearDown()[pri:0, instance:tests.FlightBookingTest@2c767a52]" started-at="2025-12-28T15:56:56 IST" name="tearDown" finished-at="2025-12-28T15:57:01 IST" duration-ms="5192" status="PASS">
          <reporter-output>
          </reporter-output>
        </test-method> <!-- tearDown -->
      </class> <!-- tests.FlightBookingTest -->
    </test> <!-- BlazeDemo Tests -->
  </suite> <!-- BlazeDemo Suite -->
</testng-results>
